============================================================
NextPVR Version: 1.0.0.0
NextPVR Webconsole Version: 1.0.0.0
NextPVR Webconsole Database Version: 113
============================================================

2012-11-20 10:36:24.608 [5]: Sending Password Reset Request for 'admin' to 'john@reven.co.nz' http://localhost/ResetPassword?code=4OUcVg6v0AaA/wTeapNfZ1W1Am3BtuNTRVw5ypbol2QuXx8T12vYtN6VJk+dGpriGuiz6UH93Mk2MaeOx4TgnbQo4xX6DWpX5XlgkH+mDz/fMg==
2012-11-20 10:52:38.091 [13]: Sending Email
To: john@reven.co.nz
Subject: NextPVR Webconsole Password Reset Request

A password reset request was made for this account for NextPVR Webconsole.

If you did not make this request, delete this email.

If you did make this request and would like to continue, copy the following link into your web browser and follow the instructions.

http://localhost/ResetPassword?code=4OUcVg6v0AaA/wTeapNfZ1W1Am3BtuNTRVw5ypbol2QuXx8T12vYtN6VJk+dGpriGuiz6UH93Mk2MaeOyITgnbko7xX/DWRX73ltkHOmDT/cMg==
2012-11-20 10:55:50.582 [7]: Sending Email
To: john@reven.co.nz
Subject: NextPVR Webconsole Password Reset Request

A password reset request was made for this account for NextPVR Webconsole.

If you did not make this request, delete this email.

If you did make this request and would like to continue, copy the following link into your web browser and follow the instructions.

http://localhost/ResetPassword?code=4OUcVg6v0AaA_wTeapNfZ1W1Am3BtuNTRVw5ypbol2QuXx8T12vYtN6VJk-dGpriGuiz6UH93Mk2MaeOyITunbko5xX6DWRX7XlkkH6mCj_RMg==
2012-11-20 10:56:38.970 [13]: Sending Email
To: john@reven.co.nz
Subject: NextPVR Webconsole Password Reset

Your password for NextPVR Webconsole has been reset for the following Website.

http://localhost

You can login using the following credientials

Username: admin
Password: an.ZSvct[lF5
2012-11-20 11:29:08.701 [28]: Sending Email
To: john@reven.co.nz
Subject: NextPVR Webconsole Password Reset Request

A password reset request was made for this account for NextPVR Webconsole.

If you did not make this request, delete this email.

If you did make this request and would like to continue, copy the following link into your web browser and follow the instructions.

http://localhost/ResetPassword?code=4OUcVg6v0AaA_wTeapNfZ1W1Am3BtuNTRVw5ypbol2QuXx8T12vYtN6VJk-dGpriGuiz6UH93Mk2MaSOwITunbgo7xX5DWtX5XlnkH-mCz_dMg==
2012-11-20 11:29:30.225 [39]: Sending Email
To: john@reven.co.nz
Subject: NextPVR Webconsole Password Reset Request

A password reset request was made for this account for NextPVR Webconsole.

If you did not make this request, delete this email.

If you did make this request and would like to continue, copy the following link into your web browser and follow the instructions.

http://localhost/ResetPassword?code=4OUcVg6v0AaA_wTeapNfZ1W1Am3BtuNTRVw5ypbol2QuXx8T12vYtN6VJk-dGpriGuiz6UH93Mk2MaSOwITunbso5xX-DWFX7nlgkHimDz_fMg==
2012-11-20 11:33:11.953 [36]: Sending Email
To: john@reven.co.nz
Subject: NextPVR Webconsole Password Reset Request

A password reset request was made for this account for NextPVR Webconsole.

If you did not make this request, delete this email.

If you did make this request and would like to continue, copy the following link into your web browser and follow the instructions.

http://localhost/ResetPassword?code=4OUcVg6v0AaA_wTeapNfZ1W1Am3BtuNTRVw5ypbol2QuXx8T12vYtN6VJk-dGpriGuiz6UH93Mk2MaSOwYTmnbUo5hX2DWdX5XlmkHOmBT_QMg==
2012-11-20 11:33:37.131 [40]: Sending Email
To: john@reven.co.nz
Subject: NextPVR Webconsole Password Reset Request

A password reset request was made for this account for NextPVR Webconsole.

If you did not make this request, delete this email.

If you did make this request and would like to continue, copy the following link into your web browser and follow the instructions.

http://localhost/ResetPassword?code=4OUcVg6v0AaA_wTeapNfZ1W1Am3BtuNTRVw5ypbol2QuXx8T12vYtN6VJk-dGpriGuiz6UH93Mk2MaSOwYTlnb0o4BX-DWFX63lskHmmDj_dMg==
2012-11-20 11:36:49.189 [18]: Sending Email
To: john@reven.co.nz
Subject: NextPVR Webconsole Password Reset Request

A password reset request was made for this account for NextPVR Webconsole.

If you did not make this request, delete this email.

If you did make this request and would like to continue, copy the following link into your web browser and follow the instructions.

http://localhost/ResetPassword?code=4OUcVg6v0AaA_wTeapNfZ1W1Am3BtuNTRVw5ypbol2QuXx8T12vYtN6VJk-dGpriGuiz6UH93Mk2MaSOwYTjnbwo7hX-DWtX73ltkHmmCj_YMg==
2012-11-20 11:37:22.991 [37]: Sending Email
To: john@reven.co.nz
Subject: NextPVR Webconsole Password Reset Request

A password reset request was made for this account for NextPVR Webconsole.

If you did not make this request, delete this email.

If you did make this request and would like to continue, copy the following link into your web browser and follow the instructions.

http://localhost/ResetPassword?code=4OUcVg6v0AaA_wTeapNfZ1W1Am3BtuNTRVw5ypbol2QuXx8T12vYtN6VJk-dGpriGuiz6UH93Mk2MaSOwYTjnbgo5RX2DWtX6HllkHOmCz_ZMg==
2012-11-20 12:12:20.643 [38]: Sending Email
To: john@reven.co.nz
Subject: NextPVR Webconsole Password Reset Request

A password reset request was made for this account for NextPVR Webconsole.

If you did not make this request, delete this email.

If you did make this request and would like to continue, copy the following link into your web browser and follow the instructions.

http://localhost/ResetPassword?code=4OUcVg6v0AaA_wTeapNfZ1W1Am3BtuNTRVw5ypbol2QuXx8T12vYtN6VJk-dGpriGuiz6UH93Mk2MaSOw4Tinbgo5xX5DWBX7XlgkHimDD_bMg==
2012-11-20 12:12:46.694 [33]: Sending Email
To: john@reven.co.nz
Subject: NextPVR Webconsole Password Reset Request

A password reset request was made for this account for NextPVR Webconsole.

If you did not make this request, delete this email.

If you did make this request and would like to continue, copy the following link into your web browser and follow the instructions.

http://localhost/ResetPassword?code=4OUcVg6v0AaA_wTeapNfZ1W1Am3BtuNTRVw5ypbol2QuXx8T12vYtN6VJk-dGpriGuiz6UH93Mk2MaSOw4Tinboo4RX5DWtX5XlikH-mDD_RMg==
2012-11-20 12:24:06.631 [18]: Sending Email
To: john@reven.co.nz
Subject: NextPVR Webconsole Password Reset Request

A password reset request was made for this account for NextPVR Webconsole.

If you did not make this request, delete this email.

If you did make this request and would like to continue, copy the following link into your web browser and follow the instructions.

http://localhost/ResetPassword?code=4OUcVg6v0AaA_wTeapNfZ1W1Am3BtuNTRVw5ypbol2QuXx8T12vYtN6VJk-dGpriGuiz6UH93Mk2MaSOxITlnbgo4RX5DWFX6XlikHumDD_RMg==
2012-11-20 12:24:52.263 [22]: Sending Email
To: john@reven.co.nz
Subject: NextPVR Webconsole Password Reset Request

A password reset request was made for this account for NextPVR Webconsole.

If you did not make this request, delete this email.

If you did make this request and would like to continue, copy the following link into your web browser and follow the instructions.

http://localhost/ResetPassword?code=4OUcVg6v0AaA_wTeapNfZ1W1Am3BtuNTRVw5ypbol2QuXx8T12vYtN6VJk-dGpriGuiz6UH93Mk2MaSOxITlnbUo5RX9DWZX5XlmkHmmCz_QMg==
2012-11-20 12:25:27.751 [10]: Sending Email
To: john@reven.co.nz
Subject: NextPVR Webconsole Password Reset Request

A password reset request was made for this account for NextPVR Webconsole.

If you did not make this request, delete this email.

If you did make this request and would like to continue, copy the following link into your web browser and follow the instructions.

http://localhost/ResetPassword?code=4OUcVg6v0AaA_wTeapNfZ1W1Am3BtuNTRVw5ypbol2QuXx8T12vYtN6VJk-dGpriGuiz6UH93Mk2MaSOxITknb4o4BX4DWdX63lhkHmmDj_YMg==
2012-11-20 12:26:10.826 [37]: Sending Email
To: john@reven.co.nz
Subject: NextPVR Webconsole Password Reset Request

A password reset request was made for this account for NextPVR Webconsole.

If you did not make this request, delete this email.

If you did make this request and would like to continue, copy the following link into your web browser and follow the instructions.

http://localhost/ResetPassword?code=4OUcVg6v0AaA_wTeapNfZ1W1Am3BtuNTRVw5ypbol2QuXx8T12vYtN6VJk-dGpriGuiz6UH93Mk2MaSOxITknbso5xX3DWJX5HlgkHimCD_RMg==
2012-11-20 20:24:58.210 [9]: Application started.
2012-11-20 20:25:23.011 [27]: Application stopped.
2012-11-20 20:25:25.519 [23]: Application started.
2012-11-20 20:30:29.109 [6]: Application stopped.
2012-11-20 20:30:32.243 [16]: Application started.
2012-11-20 20:30:32.246 [16]: Deleting old log files
2012-11-20 20:45:39.897 [6]: Application started.
2012-11-20 20:45:39.900 [6]: Deleting old log files
2012-11-20 20:55:07.103 [31]: Application stopped.
2012-11-20 20:55:13.310 [30]: Application started.
2012-11-20 20:55:13.312 [30]: Deleting old log files
2012-11-20 20:55:41.891 [31]: Application stopped.
2012-11-20 20:55:46.595 [29]: Application started.
2012-11-20 20:55:46.619 [29]: Deleting old log files
2012-11-20 20:57:04.425 [13]: Application stopped.
2012-11-20 20:57:09.028 [3]: Application started.
2012-11-20 20:57:09.030 [3]: Deleting old log files
2012-11-20 20:57:37.157 [13]: Application stopped.
2012-11-20 20:57:41.017 [13]: Application started.
2012-11-20 20:57:41.023 [13]: Deleting old log files
2012-11-20 20:58:24.888 [20]: Application stopped.
2012-11-20 20:58:27.831 [20]: Application started.
2012-11-20 20:58:27.834 [20]: Deleting old log files
2012-11-20 20:58:56.683 [15]: Application stopped.
2012-11-20 20:59:00.398 [13]: Application started.
2012-11-20 20:59:00.400 [13]: Deleting old log files
2012-11-20 21:02:22.466 [15]: Application stopped.
2012-11-20 21:02:26.042 [28]: Application started.
2012-11-20 21:02:26.045 [28]: Deleting old log files
2012-11-20 21:02:27.365 [15]: Application stopped.
2012-11-20 21:02:32.474 [20]: Application started.
2012-11-20 21:02:32.476 [20]: Deleting old log files
2012-11-20 21:04:50.315 [26]: Application stopped.
2012-11-20 21:04:54.062 [24]: Application started.
2012-11-20 21:04:54.064 [24]: Deleting old log files
2012-11-20 21:05:04.269 [26]: Application stopped.
2012-11-20 21:05:13.610 [24]: Application started.
2012-11-20 21:05:13.612 [24]: Deleting old log files
2012-11-20 21:05:36.436 [9]: Application stopped.
2012-11-20 21:05:40.322 [9]: Application started.
2012-11-20 21:05:40.324 [9]: Deleting old log files
2012-11-20 21:08:37.171 [13]: Application stopped.
2012-11-20 21:08:41.061 [13]: Application started.
2012-11-20 21:08:41.063 [13]: Deleting old log files
2012-11-20 21:10:10.006 [24]: Application stopped.
2012-11-20 21:10:15.316 [12]: Application started.
2012-11-20 21:10:15.319 [12]: Deleting old log files
2012-11-20 21:11:29.332 [19]: Application stopped.
2012-11-20 21:11:33.359 [21]: Application started.
2012-11-20 21:11:33.361 [21]: Deleting old log files
2012-11-20 21:13:04.035 [12]: Application stopped.
2012-11-20 21:13:07.788 [12]: Application started.
2012-11-20 21:13:07.790 [12]: Deleting old log files
2012-11-20 21:18:46.181 [25]: Application stopped.
2012-11-20 21:18:49.541 [13]: Application started.
2012-11-20 21:18:49.543 [13]: Deleting old log files
2012-11-20 21:19:35.569 [27]: Application stopped.
2012-11-20 21:19:38.943 [25]: Application started.
2012-11-20 21:19:38.946 [25]: Deleting old log files
2012-11-20 21:19:51.749 [13]: Application stopped.
2012-11-20 21:19:55.091 [27]: Application started.
2012-11-20 21:19:55.094 [27]: Deleting old log files
2012-11-20 21:20:52.274 [23]: Application stopped.
2012-11-20 21:20:56.602 [18]: Application started.
2012-11-20 21:20:56.604 [18]: Deleting old log files
